0 info it worked if it ends with ok
1 verbose cli [ 'node', '/usr/local/bin/npm', 'install', 'package.json' ]
2 info using npm@1.1.62
3 info using node@v0.8.11
4 verbose read json /Users/paulosilva/Projects/poostagram/package.json
5 verbose read json /Users/paulosilva/Projects/poostagram/node_modules/dynamo/package.json
6 verbose read json /Users/paulosilva/Projects/poostagram/node_modules/express/package.json
7 verbose read json /Users/paulosilva/Projects/poostagram/node_modules/jsss/package.json
8 verbose read json /Users/paulosilva/Projects/poostagram/node_modules/knox/package.json
9 verbose from cache /Users/paulosilva/Projects/poostagram/package.json
10 verbose readDependencies using package.json deps
11 verbose cache add [ 'package.json', null ]
12 silly cache add name=undefined spec="package.json" args=["package.json",null]
13 verbose parsed url { pathname: 'package.json',
13 verbose parsed url   path: 'package.json',
13 verbose parsed url   href: 'package.json' }
14 silly lockFile 7030d0b2-package-json package.json
15 verbose lock package.json /Users/paulosilva/.npm/7030d0b2-package-json.lock
16 verbose chmod /Users/paulosilva/tmp/npm-11168/1350620987013-0.7131333949510008/tmp.tgz 644
17 verbose tar unpack /Users/paulosilva/tmp/npm-11168/1350620987013-0.7131333949510008/tmp.tgz
18 silly lockFile b414d9f9-87013-0-7131333949510008-package /Users/paulosilva/tmp/npm-11168/1350620987013-0.7131333949510008/package
19 verbose lock /Users/paulosilva/tmp/npm-11168/1350620987013-0.7131333949510008/package /Users/paulosilva/.npm/b414d9f9-87013-0-7131333949510008-package.lock
20 silly gunzTarPerm modes [ '755', '644' ]
21 verbose read json /Users/paulosilva/tmp/npm-11168/1350620987013-0.7131333949510008/package/package.json
22 error not a package /Users/paulosilva/tmp/npm-11168/1350620987013-0.7131333949510008/tmp.tgz
23 silly lockFile b414d9f9-87013-0-7131333949510008-package /Users/paulosilva/tmp/npm-11168/1350620987013-0.7131333949510008/package
24 silly lockFile 7030d0b2-package-json package.json
25 verbose addNamed [ 'package.json', '' ]
26 verbose addNamed [ null, '' ]
27 silly lockFile 20e84675-package-json package.json@
28 verbose lock package.json@ /Users/paulosilva/.npm/20e84675-package-json.lock
29 silly addNameRange { name: 'package.json', range: '', hasData: false }
30 verbose url raw package.json
31 verbose url resolving [ 'https://registry.npmjs.org/', './package.json' ]
32 verbose url resolved https://registry.npmjs.org/package.json
33 info trying registry request attempt 1 at 01:29:47
34 http GET https://registry.npmjs.org/package.json
35 http 404 https://registry.npmjs.org/package.json
36 silly registry.get cb [ 404,
36 silly registry.get   { server: 'CouchDB/1.2.0 (Erlang OTP/R15B)',
36 silly registry.get     date: 'Fri, 19 Oct 2012 04:29:49 GMT',
36 silly registry.get     'content-type': 'application/json',
36 silly registry.get     'content-length': '52',
36 silly registry.get     'cache-control': 'must-revalidate' } ]
37 silly lockFile 20e84675-package-json package.json@
38 error 404 'package.json' is not in the npm registry.
38 error 404 You should bug the author to publish it
38 error 404
38 error 404 Note that you can also install from a
38 error 404 tarball, folder, or http url, or git url.
39 error System Darwin 12.2.0
40 error command "node" "/usr/local/bin/npm" "install" "package.json"
41 error cwd /Users/paulosilva/Projects/poostagram
42 error node -v v0.8.11
43 error npm -v 1.1.62
44 error code E404
45 verbose exit [ 1, true ]
